[0.010s] Invoking command in '/home/michael/Desktop/project3_ws/build/turtlebot3_project3': CMAKE_PREFIX_PATH=/opt/ros/humble /usr/bin/cmake /home/michael/Desktop/project3_ws/src/turtlebot3_proj3_661 -DCMAKE_INSTALL_PREFIX=/home/michael/Desktop/project3_ws/install/turtlebot3_project3
[0.207s] -- The C compiler identification is GNU 11.4.0
[0.330s] -- The CXX compiler identification is GNU 11.4.0
[0.339s] -- Detecting C compiler ABI info
[0.404s] -- Detecting C compiler ABI info - done
[0.409s] -- Check for working C compiler: /usr/bin/cc - skipped
[0.409s] -- Detecting C compile features
[0.410s] -- Detecting C compile features - done
[0.412s] -- Detecting CXX compiler ABI info
[0.507s] -- Detecting CXX compiler ABI info - done
[0.509s] -- Check for working CXX compiler: /usr/bin/c++ - skipped
[0.509s] -- Detecting CXX compile features
[0.510s] -- Detecting CXX compile features - done
[0.514s] -- Found ament_cmake: 1.3.14 (/opt/ros/humble/share/ament_cmake/cmake)
[0.612s] -- Found Python3: /usr/bin/python3 (found version "3.10.12") found components: Interpreter 
[0.697s] [33mCMake Warning (dev) at /usr/share/cmake-3.22/Modules/FindPackageHandleStandardArgs.cmake:438 (message):
[0.698s]   The package name passed to `find_package_handle_standard_args` (PkgConfig)
[0.698s] -- Found PkgConfig: /usr/bin/pkg-config (found version "0.29.2") 
[0.698s]   does not match the name of the calling package (gazebo).  This can lead to
[0.698s]   problems in calling code that expects `find_package` result variables
[0.698s]   (e.g., `_FOUND`) to follow a certain pattern.
[0.698s] Call Stack (most recent call first):
[0.698s]   /usr/share/cmake-3.22/Modules/FindPkgConfig.cmake:99 (find_package_handle_standard_args)
[0.698s]   /usr/lib/x86_64-linux-gnu/cmake/gazebo/gazebo-config.cmake:72 (include)
[0.698s]   CMakeLists.txt:23 (find_package)
[0.698s] This warning is for project developers.  Use -Wno-dev to suppress it.
[0.698s] [0m
[0.701s] -- Checking for module 'bullet>=2.82'
[0.710s] --   Found bullet, version 3.05
[0.789s] -- Found fcl: /usr/include (found suitable version "0.7.0", minimum required is "0.5.0") 
[0.825s] -- Found assimp: /usr/include (found version "5.2.0") 
[0.849s] -- Found DART: /usr/include (Required is at least version "6.6") found components: dart 
[1.003s] -- Found Boost: /usr/lib/x86_64-linux-gnu/cmake/Boost-1.74.0/BoostConfig.cmake (found suitable version "1.74.0", minimum required is "1.40.0") found components: thread system filesystem program_options regex iostreams date_time 
[1.018s] -- Found Protobuf: /usr/lib/x86_64-linux-gnu/libprotobuf.so (found version "3.12.4") 
[1.022s] -- Looking for ignition-math6 -- found version 6.15.1
[1.028s] -- Searching for dependencies of ignition-math6
[1.030s] -- Looking for OGRE...
[1.030s] -- OGRE_PREFIX_WATCH changed.
[1.034s] -- Checking for module 'OGRE'
[1.043s] --   Found OGRE, version 1.9.0
[1.070s] -- Found Ogre Ghadamon (1.9.0)
[1.075s] -- Found OGRE: optimized;/usr/lib/x86_64-linux-gnu/libOgreMain.so;debug;/usr/lib/x86_64-linux-gnu/libOgreMain.so
[1.081s] -- Looking for OGRE_Paging...
[1.084s] -- Found OGRE_Paging: optimized;/usr/lib/x86_64-linux-gnu/libOgrePaging.so;debug;/usr/lib/x86_64-linux-gnu/libOgrePaging.so
[1.084s] -- Looking for OGRE_Terrain...
[1.086s] -- Found OGRE_Terrain: optimized;/usr/lib/x86_64-linux-gnu/libOgreTerrain.so;debug;/usr/lib/x86_64-linux-gnu/libOgreTerrain.so
[1.086s] -- Looking for OGRE_Property...
[1.088s] -- Found OGRE_Property: optimized;/usr/lib/x86_64-linux-gnu/libOgreProperty.so;debug;/usr/lib/x86_64-linux-gnu/libOgreProperty.so
[1.089s] -- Looking for OGRE_RTShaderSystem...
[1.091s] -- Found OGRE_RTShaderSystem: optimized;/usr/lib/x86_64-linux-gnu/libOgreRTShaderSystem.so;debug;/usr/lib/x86_64-linux-gnu/libOgreRTShaderSystem.so
[1.091s] -- Looking for OGRE_Volume...
[1.093s] -- Found OGRE_Volume: optimized;/usr/lib/x86_64-linux-gnu/libOgreVolume.so;debug;/usr/lib/x86_64-linux-gnu/libOgreVolume.so
[1.094s] -- Looking for OGRE_Overlay...
[1.096s] -- Found OGRE_Overlay: optimized;/usr/lib/x86_64-linux-gnu/libOgreOverlay.so;debug;/usr/lib/x86_64-linux-gnu/libOgreOverlay.so
[1.143s] -- Looking for ignition-math6 -- found version 6.15.1
[1.145s] -- Looking for ignition-transport8 -- found version 8.2.1
[1.145s] -- Searching for dependencies of ignition-transport8
[1.155s] -- Found Protobuf: /usr/lib/x86_64-linux-gnu/libprotobuf.so (found suitable version "3.12.4", minimum required is "3") 
[1.160s] -- Config-file not installed for ZeroMQ -- checking for pkg-config
[1.164s] -- Checking for module 'libzmq >= 4'
[1.178s] --   Found libzmq , version 4.3.4
[1.207s] -- Found ZeroMQ: TRUE (Required is at least version "4") 
[1.211s] -- Checking for module 'uuid'
[1.220s] --   Found uuid, version 2.37.2
[1.245s] -- Found UUID: TRUE  
[1.247s] -- Looking for ignition-msgs5 -- found version 5.8.1
[1.247s] -- Searching for dependencies of ignition-msgs5
[1.257s] -- Looking for ignition-math6 -- found version 6.15.1
[1.260s] -- Checking for module 'tinyxml2'
[1.269s] --   Found tinyxml2, version 9.0.0
[1.295s] -- Looking for ignition-msgs5 -- found version 5.8.1
[1.299s] -- Looking for ignition-common3 -- found version 3.14.0
[1.299s] -- Searching for dependencies of ignition-common3
[1.300s] -- Looking for dlfcn.h - found
[1.309s] -- Looking for libdl - found
[1.309s] -- Found DL: TRUE  
[1.317s] -- Found tinyobjloader: /usr/lib/x86_64-linux-gnu/cmake/tinyobjloader/tinyobjloader-config.cmake (found version "2.0.0") 
[1.318s] -- Searching for <ignition-common3> component [graphics]
[1.319s] -- Looking for ignition-common3-graphics -- found version 3.14.0
[1.319s] -- Searching for dependencies of ignition-common3-graphics
[1.319s] -- Looking for ignition-math6 -- found version 6.15.1
[1.322s] -- Looking for ignition-fuel_tools4 -- found version 4.4.0
[1.323s] -- Searching for dependencies of ignition-fuel_tools4
[1.377s] -- Found CURL: /usr/lib/x86_64-linux-gnu/libcurl.so (found version "7.81.0")  
[1.384s] -- Checking for module 'jsoncpp'
[1.393s] --   Found jsoncpp, version 1.9.5
[1.418s] -- Found JSONCPP: TRUE  
[1.424s] -- Checking for module 'libzip'
[1.432s] --   Found libzip, version 1.7.3
[1.460s] -- Found ZIP: TRUE  
[1.461s] -- Looking for ignition-common3 -- found version 3.14.0
[1.461s] -- Looking for ignition-math6 -- found version 6.15.1
[1.461s] -- Looking for ignition-msgs5 -- found version 5.8.1
[1.465s] -- Found gazebo_ros_pkgs: 3.9.0 (/opt/ros/humble/share/gazebo_ros_pkgs/cmake)
[1.466s] -- Found geometry_msgs: 4.9.1 (/opt/ros/humble/share/geometry_msgs/cmake)
[1.495s] -- Found rosidl_generator_c: 3.1.8 (/opt/ros/humble/share/rosidl_generator_c/cmake)
[1.500s] -- Found rosidl_adapter: 3.1.8 (/opt/ros/humble/share/rosidl_adapter/cmake)
[1.509s] -- Found rosidl_generator_cpp: 3.1.8 (/opt/ros/humble/share/rosidl_generator_cpp/cmake)
[1.520s] -- Using all available rosidl_typesupport_c: rosidl_typesupport_fastrtps_c;rosidl_typesupport_introspection_c
[1.535s] -- Using all available rosidl_typesupport_cpp: rosidl_typesupport_fastrtps_cpp;rosidl_typesupport_introspection_cpp
[1.566s] -- Found nav_msgs: 4.9.1 (/opt/ros/humble/share/nav_msgs/cmake)
[1.579s] -- Found rclcpp: 16.0.19 (/opt/ros/humble/share/rclcpp/cmake)
[1.612s] -- Found rmw_implementation_cmake: 6.1.2 (/opt/ros/humble/share/rmw_implementation_cmake/cmake)
[1.614s] -- Found rmw_fastrtps_cpp: 6.2.10 (/opt/ros/humble/share/rmw_fastrtps_cpp/cmake)
[1.684s] -- Found OpenSSL: /usr/lib/x86_64-linux-gnu/libcrypto.so (found version "3.0.2")  
[1.697s] -- Found FastRTPS: /opt/ros/humble/include  
[1.718s] -- Using RMW implementation 'rmw_fastrtps_cpp' as default
[1.725s] -- Found Threads: TRUE  
[1.769s] -- Found sensor_msgs: 4.9.1 (/opt/ros/humble/share/sensor_msgs/cmake)
[1.785s] -- Found tf2: 0.25.20 (/opt/ros/humble/share/tf2/cmake)
[1.855s] -- Configuring done
[1.864s] -- Generating done
[1.867s] -- Build files have been written to: /home/michael/Desktop/project3_ws/build/turtlebot3_project3
[1.877s] Invoked command in '/home/michael/Desktop/project3_ws/build/turtlebot3_project3' returned '0': CMAKE_PREFIX_PATH=/opt/ros/humble /usr/bin/cmake /home/michael/Desktop/project3_ws/src/turtlebot3_proj3_661 -DCMAKE_INSTALL_PREFIX=/home/michael/Desktop/project3_ws/install/turtlebot3_project3
[1.878s] Invoking command in '/home/michael/Desktop/project3_ws/build/turtlebot3_project3': CMAKE_PREFIX_PATH=/opt/ros/humble /usr/bin/cmake --build /home/michael/Desktop/project3_ws/build/turtlebot3_project3 -- -j2 -l2
[1.942s] [ 50%] [32mBuilding CXX object CMakeFiles/turtlebot3_drive.dir/src/turtlebot3_drive.cpp.o[0m
[10.555s] [100%] [32m[1mLinking CXX executable turtlebot3_drive[0m
[10.902s] [100%] Built target turtlebot3_drive
[10.913s] Invoked command in '/home/michael/Desktop/project3_ws/build/turtlebot3_project3' returned '0': CMAKE_PREFIX_PATH=/opt/ros/humble /usr/bin/cmake --build /home/michael/Desktop/project3_ws/build/turtlebot3_project3 -- -j2 -l2
[10.919s] Invoking command in '/home/michael/Desktop/project3_ws/build/turtlebot3_project3': CMAKE_PREFIX_PATH=/opt/ros/humble /usr/bin/cmake --install /home/michael/Desktop/project3_ws/build/turtlebot3_project3
[10.926s] -- Install configuration: ""
[10.926s] -- Installing: /home/michael/Desktop/project3_ws/install/turtlebot3_project3/lib/turtlebot3_project3/turtlebot3_drive
[10.931s] -- Set runtime path of "/home/michael/Desktop/project3_ws/install/turtlebot3_project3/lib/turtlebot3_project3/turtlebot3_drive" to ""
[10.931s] -- Installing: /home/michael/Desktop/project3_ws/install/turtlebot3_project3/share/turtlebot3_project3//launch
[10.931s] -- Installing: /home/michael/Desktop/project3_ws/install/turtlebot3_project3/share/turtlebot3_project3//launch/empty_world.launch.py
[10.931s] -- Installing: /home/michael/Desktop/project3_ws/install/turtlebot3_project3/share/turtlebot3_project3//launch/spawn_turtlebot3.launch.py
[10.931s] -- Installing: /home/michael/Desktop/project3_ws/install/turtlebot3_project3/share/turtlebot3_project3//launch/competition_world.launch.py
[10.931s] -- Installing: /home/michael/Desktop/project3_ws/install/turtlebot3_project3/share/turtlebot3_project3//launch/robot_state_publisher.launch.py
[10.931s] -- Installing: /home/michael/Desktop/project3_ws/install/turtlebot3_project3/share/turtlebot3_project3//models
[10.931s] -- Installing: /home/michael/Desktop/project3_ws/install/turtlebot3_project3/share/turtlebot3_project3//models/turtlebot3_world
[10.932s] -- Installing: /home/michael/Desktop/project3_ws/install/turtlebot3_project3/share/turtlebot3_project3//models/turtlebot3_world/meshes
[10.932s] -- Installing: /home/michael/Desktop/project3_ws/install/turtlebot3_project3/share/turtlebot3_project3//models/turtlebot3_world/meshes/wall.dae
[10.932s] -- Installing: /home/michael/Desktop/project3_ws/install/turtlebot3_project3/share/turtlebot3_project3//models/turtlebot3_world/meshes/hexagon.dae
[10.932s] -- Installing: /home/michael/Desktop/project3_ws/install/turtlebot3_project3/share/turtlebot3_project3//models/turtlebot3_world/model.sdf
[10.932s] -- Installing: /home/michael/Desktop/project3_ws/install/turtlebot3_project3/share/turtlebot3_project3//models/turtlebot3_world/model-1_4.sdf
[10.932s] -- Installing: /home/michael/Desktop/project3_ws/install/turtlebot3_project3/share/turtlebot3_project3//models/turtlebot3_world/model.config
[10.933s] -- Installing: /home/michael/Desktop/project3_ws/install/turtlebot3_project3/share/turtlebot3_project3//models/turtlebot3_common
[10.933s] -- Installing: /home/michael/Desktop/project3_ws/install/turtlebot3_project3/share/turtlebot3_project3//models/turtlebot3_common/meshes
[10.933s] -- Installing: /home/michael/Desktop/project3_ws/install/turtlebot3_project3/share/turtlebot3_project3//models/turtlebot3_common/meshes/lds.dae
[10.933s] -- Installing: /home/michael/Desktop/project3_ws/install/turtlebot3_project3/share/turtlebot3_project3//models/turtlebot3_common/meshes/waffle_pi_base.dae
[10.933s] -- Installing: /home/michael/Desktop/project3_ws/install/turtlebot3_project3/share/turtlebot3_project3//models/turtlebot3_common/meshes/tire.dae
[10.934s] -- Installing: /home/michael/Desktop/project3_ws/install/turtlebot3_project3/share/turtlebot3_project3//models/turtlebot3_common/meshes/r200.dae
[10.934s] -- Installing: /home/michael/Desktop/project3_ws/install/turtlebot3_project3/share/turtlebot3_project3//models/turtlebot3_common/meshes/burger_base.dae
[10.934s] -- Installing: /home/michael/Desktop/project3_ws/install/turtlebot3_project3/share/turtlebot3_project3//models/turtlebot3_common/meshes/waffle_base.dae
[10.934s] -- Installing: /home/michael/Desktop/project3_ws/install/turtlebot3_project3/share/turtlebot3_project3//models/turtlebot3_common/model.config
[10.934s] -- Installing: /home/michael/Desktop/project3_ws/install/turtlebot3_project3/share/turtlebot3_project3//models/project3
[10.934s] -- Installing: /home/michael/Desktop/project3_ws/install/turtlebot3_project3/share/turtlebot3_project3//models/project3/meshes
[10.934s] -- Installing: /home/michael/Desktop/project3_ws/install/turtlebot3_project3/share/turtlebot3_project3//models/project3/meshes/project3.STL
[10.934s] -- Installing: /home/michael/Desktop/project3_ws/install/turtlebot3_project3/share/turtlebot3_project3//models/project3/meshes/project3-world.STL
[10.935s] -- Installing: /home/michael/Desktop/project3_ws/install/turtlebot3_project3/share/turtlebot3_project3//models/project3/meshes/map-project3-phase2.STL
[10.935s] -- Installing: /home/michael/Desktop/project3_ws/install/turtlebot3_project3/share/turtlebot3_project3//models/project3/model.sdf
[10.935s] -- Installing: /home/michael/Desktop/project3_ws/install/turtlebot3_project3/share/turtlebot3_project3//models/project3/model.config
[10.936s] -- Installing: /home/michael/Desktop/project3_ws/install/turtlebot3_project3/share/turtlebot3_project3//models/turtlebot3_waffle
[10.936s] -- Installing: /home/michael/Desktop/project3_ws/install/turtlebot3_project3/share/turtlebot3_project3//models/turtlebot3_waffle/model.sdf
[10.936s] -- Installing: /home/michael/Desktop/project3_ws/install/turtlebot3_project3/share/turtlebot3_project3//models/turtlebot3_waffle/model-1_4.sdf
[10.936s] -- Installing: /home/michael/Desktop/project3_ws/install/turtlebot3_project3/share/turtlebot3_project3//models/turtlebot3_waffle/model.config
[10.936s] -- Installing: /home/michael/Desktop/project3_ws/install/turtlebot3_project3/share/turtlebot3_project3//rviz
[10.937s] -- Installing: /home/michael/Desktop/project3_ws/install/turtlebot3_project3/share/turtlebot3_project3//rviz/tb3_gazebo.rviz
[10.937s] -- Installing: /home/michael/Desktop/project3_ws/install/turtlebot3_project3/share/turtlebot3_project3//urdf
[10.937s] -- Installing: /home/michael/Desktop/project3_ws/install/turtlebot3_project3/share/turtlebot3_project3//urdf/common_properties.urdf
[10.937s] -- Installing: /home/michael/Desktop/project3_ws/install/turtlebot3_project3/share/turtlebot3_project3//urdf/turtlebot3_waffle.urdf
[10.937s] -- Installing: /home/michael/Desktop/project3_ws/install/turtlebot3_project3/share/turtlebot3_project3//worlds
[10.937s] -- Installing: /home/michael/Desktop/project3_ws/install/turtlebot3_project3/share/turtlebot3_project3//worlds/empty_world.world
[10.937s] -- Installing: /home/michael/Desktop/project3_ws/install/turtlebot3_project3/share/turtlebot3_project3//worlds/competition_world.world
[10.937s] -- Installing: /home/michael/Desktop/project3_ws/install/turtlebot3_project3/include/
[10.937s] -- Installing: /home/michael/Desktop/project3_ws/install/turtlebot3_project3/include//turtlebot3_project3
[10.937s] -- Installing: /home/michael/Desktop/project3_ws/install/turtlebot3_project3/include//turtlebot3_project3/turtlebot3_drive.hpp
[10.937s] -- Installing: /home/michael/Desktop/project3_ws/install/turtlebot3_project3/lib/turtlebot3_project3/teleop.py
[10.938s] -- Installing: /home/michael/Desktop/project3_ws/install/turtlebot3_project3/share/ament_index/resource_index/package_run_dependencies/turtlebot3_project3
[10.938s] -- Installing: /home/michael/Desktop/project3_ws/install/turtlebot3_project3/share/ament_index/resource_index/parent_prefix_path/turtlebot3_project3
[10.938s] -- Installing: /home/michael/Desktop/project3_ws/install/turtlebot3_project3/share/turtlebot3_project3/environment/ament_prefix_path.sh
[10.938s] -- Installing: /home/michael/Desktop/project3_ws/install/turtlebot3_project3/share/turtlebot3_project3/environment/ament_prefix_path.dsv
[10.938s] -- Installing: /home/michael/Desktop/project3_ws/install/turtlebot3_project3/share/turtlebot3_project3/environment/path.sh
[10.939s] -- Installing: /home/michael/Desktop/project3_ws/install/turtlebot3_project3/share/turtlebot3_project3/environment/path.dsv
[10.939s] -- Installing: /home/michael/Desktop/project3_ws/install/turtlebot3_project3/share/turtlebot3_project3/local_setup.bash
[10.939s] -- Installing: /home/michael/Desktop/project3_ws/install/turtlebot3_project3/share/turtlebot3_project3/local_setup.sh
[10.939s] -- Installing: /home/michael/Desktop/project3_ws/install/turtlebot3_project3/share/turtlebot3_project3/local_setup.zsh
[10.939s] -- Installing: /home/michael/Desktop/project3_ws/install/turtlebot3_project3/share/turtlebot3_project3/local_setup.dsv
[10.939s] -- Installing: /home/michael/Desktop/project3_ws/install/turtlebot3_project3/share/turtlebot3_project3/package.dsv
[10.939s] -- Installing: /home/michael/Desktop/project3_ws/install/turtlebot3_project3/share/ament_index/resource_index/packages/turtlebot3_project3
[10.939s] -- Installing: /home/michael/Desktop/project3_ws/install/turtlebot3_project3/share/turtlebot3_project3/cmake/ament_cmake_export_include_directories-extras.cmake
[10.939s] -- Installing: /home/michael/Desktop/project3_ws/install/turtlebot3_project3/share/turtlebot3_project3/cmake/ament_cmake_export_dependencies-extras.cmake
[10.939s] -- Installing: /home/michael/Desktop/project3_ws/install/turtlebot3_project3/share/turtlebot3_project3/cmake/turtlebot3_project3Config.cmake
[10.939s] -- Installing: /home/michael/Desktop/project3_ws/install/turtlebot3_project3/share/turtlebot3_project3/cmake/turtlebot3_project3Config-version.cmake
[10.940s] -- Installing: /home/michael/Desktop/project3_ws/install/turtlebot3_project3/share/turtlebot3_project3/package.xml
[10.940s] Invoked command in '/home/michael/Desktop/project3_ws/build/turtlebot3_project3' returned '0': CMAKE_PREFIX_PATH=/opt/ros/humble /usr/bin/cmake --install /home/michael/Desktop/project3_ws/build/turtlebot3_project3
