[0.005s] Invoking command in '/home/michael/Documents/GitHub/ENPM661/Project3/Phase2/Phase2/Gazebo/project3_ws/build/turtlebot3_project3': CMAKE_PREFIX_PATH=${CMAKE_PREFIX_PATH}:/opt/ros/humble /usr/bin/cmake /home/michael/Documents/GitHub/ENPM661/Project3/Phase2/Phase2/Gazebo/project3_ws/src/turtlebot3_proj3_661 -DCMAKE_INSTALL_PREFIX=/home/michael/Documents/GitHub/ENPM661/Project3/Phase2/Phase2/Gazebo/project3_ws/install/turtlebot3_project3
[0.130s] -- The C compiler identification is GNU 11.4.0
[0.255s] -- The CXX compiler identification is GNU 11.4.0
[0.268s] -- Detecting C compiler ABI info
[0.318s] -- Detecting C compiler ABI info - done
[0.322s] -- Check for working C compiler: /usr/bin/cc - skipped
[0.323s] -- Detecting C compile features
[0.324s] -- Detecting C compile features - done
[0.328s] -- Detecting CXX compiler ABI info
[0.382s] -- Detecting CXX compiler ABI info - done
[0.385s] -- Check for working CXX compiler: /usr/bin/c++ - skipped
[0.386s] -- Detecting CXX compile features
[0.386s] -- Detecting CXX compile features - done
[0.389s] -- Found ament_cmake: 1.3.14 (/opt/ros/humble/share/ament_cmake/cmake)
[0.477s] -- Found Python3: /usr/bin/python3 (found version "3.10.12") found components: Interpreter 
[0.561s] [33mCMake Warning (dev) at /usr/share/cmake-3.22/Modules/FindPackageHandleStandardArgs.cmake:438 (message):
[0.561s]   The package name passed to `find_package_handle_standard_args` (PkgConfig)
[0.561s]   does not match the name of the calling package (gazebo).  This can lead to
[0.561s]   problems in calling code that expects `find_package` result variables
[0.561s]   (e.g., `_FOUND`) to follow a certain pattern.
[0.561s] Call Stack (most recent call first):
[0.561s]   /usr/share/cmake-3.22/Modules/FindPkgConfig.cmake:99 (find_package_handle_standard_args)
[0.561s]   /usr/lib/x86_64-linux-gnu/cmake/gazebo/gazebo-config.cmake:72 (include)
[0.561s]   CMakeLists.txt:23 (find_package)
[0.562s] This warning is for project developers.  Use -Wno-dev to suppress it.
[0.562s] [0m
[0.563s] -- Found PkgConfig: /usr/bin/pkg-config (found version "0.29.2") 
[0.563s] -- Checking for module 'bullet>=2.82'
[0.572s] --   Found bullet, version 3.05
[0.648s] -- Found fcl: /usr/include (found suitable version "0.7.0", minimum required is "0.5.0") 
[0.685s] -- Found assimp: /usr/include (found version "5.2.0") 
[0.704s] -- Found DART: /usr/include (Required is at least version "6.6") found components: dart 
[0.850s] -- Found Boost: /usr/lib/x86_64-linux-gnu/cmake/Boost-1.74.0/BoostConfig.cmake (found suitable version "1.74.0", minimum required is "1.40.0") found components: thread system filesystem program_options regex iostreams date_time 
[0.871s] -- Found Protobuf: /usr/lib/x86_64-linux-gnu/libprotobuf.so (found version "3.12.4") 
[0.875s] -- Looking for ignition-math6 -- found version 6.15.1
[0.884s] -- Searching for dependencies of ignition-math6
[0.886s] -- Looking for OGRE...
[0.886s] -- OGRE_PREFIX_WATCH changed.
[0.890s] -- Checking for module 'OGRE'
[0.899s] --   Found OGRE, version 1.9.0
[0.925s] -- Found Ogre Ghadamon (1.9.0)
[0.930s] -- Found OGRE: optimized;/usr/lib/x86_64-linux-gnu/libOgreMain.so;debug;/usr/lib/x86_64-linux-gnu/libOgreMain.so
[0.936s] -- Looking for OGRE_Paging...
[0.941s] -- Found OGRE_Paging: optimized;/usr/lib/x86_64-linux-gnu/libOgrePaging.so;debug;/usr/lib/x86_64-linux-gnu/libOgrePaging.so
[0.941s] -- Looking for OGRE_Terrain...
[0.942s] -- Found OGRE_Terrain: optimized;/usr/lib/x86_64-linux-gnu/libOgreTerrain.so;debug;/usr/lib/x86_64-linux-gnu/libOgreTerrain.so
[0.942s] -- Looking for OGRE_Property...
[0.944s] -- Found OGRE_Property: optimized;/usr/lib/x86_64-linux-gnu/libOgreProperty.so;debug;/usr/lib/x86_64-linux-gnu/libOgreProperty.so
[0.944s] -- Looking for OGRE_RTShaderSystem...
[0.946s] -- Found OGRE_RTShaderSystem: optimized;/usr/lib/x86_64-linux-gnu/libOgreRTShaderSystem.so;debug;/usr/lib/x86_64-linux-gnu/libOgreRTShaderSystem.so
[0.946s] -- Looking for OGRE_Volume...
[0.948s] -- Found OGRE_Volume: optimized;/usr/lib/x86_64-linux-gnu/libOgreVolume.so;debug;/usr/lib/x86_64-linux-gnu/libOgreVolume.so
[0.948s] -- Looking for OGRE_Overlay...
[0.950s] -- Found OGRE_Overlay: optimized;/usr/lib/x86_64-linux-gnu/libOgreOverlay.so;debug;/usr/lib/x86_64-linux-gnu/libOgreOverlay.so
[0.993s] -- Looking for ignition-math6 -- found version 6.15.1
[0.997s] -- Looking for ignition-transport8 -- found version 8.2.1
[0.998s] -- Searching for dependencies of ignition-transport8
[1.008s] -- Found Protobuf: /usr/lib/x86_64-linux-gnu/libprotobuf.so (found suitable version "3.12.4", minimum required is "3") 
[1.013s] -- Config-file not installed for ZeroMQ -- checking for pkg-config
[1.017s] -- Checking for module 'libzmq >= 4'
[1.030s] --   Found libzmq , version 4.3.4
[1.056s] -- Found ZeroMQ: TRUE (Required is at least version "4") 
[1.061s] -- Checking for module 'uuid'
[1.071s] --   Found uuid, version 2.37.2
[1.095s] -- Found UUID: TRUE  
[1.097s] -- Looking for ignition-msgs5 -- found version 5.8.1
[1.097s] -- Searching for dependencies of ignition-msgs5
[1.107s] -- Looking for ignition-math6 -- found version 6.15.1
[1.111s] -- Checking for module 'tinyxml2'
[1.119s] --   Found tinyxml2, version 9.0.0
[1.148s] -- Looking for ignition-msgs5 -- found version 5.8.1
[1.149s] -- Looking for ignition-common3 -- found version 3.14.0
[1.149s] -- Searching for dependencies of ignition-common3
[1.150s] -- Looking for dlfcn.h - found
[1.150s] -- Looking for libdl - found
[1.151s] -- Found DL: TRUE  
[1.159s] -- Found tinyobjloader: /usr/lib/x86_64-linux-gnu/cmake/tinyobjloader/tinyobjloader-config.cmake (found version "2.0.0") 
[1.160s] -- Searching for <ignition-common3> component [graphics]
[1.161s] -- Looking for ignition-common3-graphics -- found version 3.14.0
[1.162s] -- Searching for dependencies of ignition-common3-graphics
[1.162s] -- Looking for ignition-math6 -- found version 6.15.1
[1.165s] -- Looking for ignition-fuel_tools4 -- found version 4.4.0
[1.165s] -- Searching for dependencies of ignition-fuel_tools4
[1.219s] -- Found CURL: /usr/lib/x86_64-linux-gnu/libcurl.so (found version "7.81.0")  
[1.227s] -- Checking for module 'jsoncpp'
[1.237s] --   Found jsoncpp, version 1.9.5
[1.263s] -- Found JSONCPP: TRUE  
[1.271s] -- Checking for module 'libzip'
[1.280s] --   Found libzip, version 1.7.3
[1.305s] -- Found ZIP: TRUE  
[1.305s] -- Looking for ignition-common3 -- found version 3.14.0
[1.305s] -- Looking for ignition-math6 -- found version 6.15.1
[1.306s] -- Looking for ignition-msgs5 -- found version 5.8.1
[1.311s] -- Found gazebo_ros_pkgs: 3.9.0 (/opt/ros/humble/share/gazebo_ros_pkgs/cmake)
[1.313s] -- Found geometry_msgs: 4.9.1 (/opt/ros/humble/share/geometry_msgs/cmake)
[1.356s] -- Found rosidl_generator_c: 3.1.8 (/opt/ros/humble/share/rosidl_generator_c/cmake)
[1.361s] -- Found rosidl_adapter: 3.1.8 (/opt/ros/humble/share/rosidl_adapter/cmake)
[1.372s] -- Found rosidl_generator_cpp: 3.1.8 (/opt/ros/humble/share/rosidl_generator_cpp/cmake)
[1.387s] -- Using all available rosidl_typesupport_c: rosidl_typesupport_fastrtps_c;rosidl_typesupport_introspection_c
[1.404s] -- Using all available rosidl_typesupport_cpp: rosidl_typesupport_fastrtps_cpp;rosidl_typesupport_introspection_cpp
[1.448s] -- Found nav_msgs: 4.9.1 (/opt/ros/humble/share/nav_msgs/cmake)
[1.466s] -- Found rclcpp: 16.0.19 (/opt/ros/humble/share/rclcpp/cmake)
[1.509s] -- Found rmw_implementation_cmake: 6.1.2 (/opt/ros/humble/share/rmw_implementation_cmake/cmake)
[1.512s] -- Found rmw_fastrtps_cpp: 6.2.10 (/opt/ros/humble/share/rmw_fastrtps_cpp/cmake)
[1.591s] -- Found OpenSSL: /usr/lib/x86_64-linux-gnu/libcrypto.so (found version "3.0.2")  
[1.606s] -- Found FastRTPS: /opt/ros/humble/include  
[1.627s] -- Using RMW implementation 'rmw_fastrtps_cpp' as default
[1.637s] -- Found Threads: TRUE  
[1.674s] -- Found sensor_msgs: 4.9.1 (/opt/ros/humble/share/sensor_msgs/cmake)
[1.692s] -- Found tf2: 0.25.20 (/opt/ros/humble/share/tf2/cmake)
[1.744s] -- Configuring done
[1.751s] -- Generating done
[1.753s] -- Build files have been written to: /home/michael/Documents/GitHub/ENPM661/Project3/Phase2/Phase2/Gazebo/project3_ws/build/turtlebot3_project3
[1.762s] Invoked command in '/home/michael/Documents/GitHub/ENPM661/Project3/Phase2/Phase2/Gazebo/project3_ws/build/turtlebot3_project3' returned '0': CMAKE_PREFIX_PATH=${CMAKE_PREFIX_PATH}:/opt/ros/humble /usr/bin/cmake /home/michael/Documents/GitHub/ENPM661/Project3/Phase2/Phase2/Gazebo/project3_ws/src/turtlebot3_proj3_661 -DCMAKE_INSTALL_PREFIX=/home/michael/Documents/GitHub/ENPM661/Project3/Phase2/Phase2/Gazebo/project3_ws/install/turtlebot3_project3
[1.765s] Invoking command in '/home/michael/Documents/GitHub/ENPM661/Project3/Phase2/Phase2/Gazebo/project3_ws/build/turtlebot3_project3': CMAKE_PREFIX_PATH=${CMAKE_PREFIX_PATH}:/opt/ros/humble /usr/bin/cmake --build /home/michael/Documents/GitHub/ENPM661/Project3/Phase2/Phase2/Gazebo/project3_ws/build/turtlebot3_project3 -- -j2 -l2
[1.801s] [ 50%] [32mBuilding CXX object CMakeFiles/turtlebot3_drive.dir/src/turtlebot3_drive.cpp.o[0m
[7.598s] [100%] [32m[1mLinking CXX executable turtlebot3_drive[0m
[7.906s] [100%] Built target turtlebot3_drive
[7.913s] Invoked command in '/home/michael/Documents/GitHub/ENPM661/Project3/Phase2/Phase2/Gazebo/project3_ws/build/turtlebot3_project3' returned '0': CMAKE_PREFIX_PATH=${CMAKE_PREFIX_PATH}:/opt/ros/humble /usr/bin/cmake --build /home/michael/Documents/GitHub/ENPM661/Project3/Phase2/Phase2/Gazebo/project3_ws/build/turtlebot3_project3 -- -j2 -l2
[7.919s] Invoking command in '/home/michael/Documents/GitHub/ENPM661/Project3/Phase2/Phase2/Gazebo/project3_ws/build/turtlebot3_project3': CMAKE_PREFIX_PATH=${CMAKE_PREFIX_PATH}:/opt/ros/humble /usr/bin/cmake --install /home/michael/Documents/GitHub/ENPM661/Project3/Phase2/Phase2/Gazebo/project3_ws/build/turtlebot3_project3
[7.924s] -- Install configuration: ""
[7.924s] -- Installing: /home/michael/Documents/GitHub/ENPM661/Project3/Phase2/Phase2/Gazebo/project3_ws/install/turtlebot3_project3/lib/turtlebot3_project3/turtlebot3_drive
[7.926s] -- Set runtime path of "/home/michael/Documents/GitHub/ENPM661/Project3/Phase2/Phase2/Gazebo/project3_ws/install/turtlebot3_project3/lib/turtlebot3_project3/turtlebot3_drive" to ""
[7.926s] -- Installing: /home/michael/Documents/GitHub/ENPM661/Project3/Phase2/Phase2/Gazebo/project3_ws/install/turtlebot3_project3/share/turtlebot3_project3//launch
[7.927s] -- Installing: /home/michael/Documents/GitHub/ENPM661/Project3/Phase2/Phase2/Gazebo/project3_ws/install/turtlebot3_project3/share/turtlebot3_project3//launch/empty_world.launch.py
[7.927s] -- Installing: /home/michael/Documents/GitHub/ENPM661/Project3/Phase2/Phase2/Gazebo/project3_ws/install/turtlebot3_project3/share/turtlebot3_project3//launch/spawn_turtlebot3.launch.py
[7.927s] -- Installing: /home/michael/Documents/GitHub/ENPM661/Project3/Phase2/Phase2/Gazebo/project3_ws/install/turtlebot3_project3/share/turtlebot3_project3//launch/competition_world.launch.py
[7.927s] -- Installing: /home/michael/Documents/GitHub/ENPM661/Project3/Phase2/Phase2/Gazebo/project3_ws/install/turtlebot3_project3/share/turtlebot3_project3//launch/robot_state_publisher.launch.py
[7.927s] -- Installing: /home/michael/Documents/GitHub/ENPM661/Project3/Phase2/Phase2/Gazebo/project3_ws/install/turtlebot3_project3/share/turtlebot3_project3//models
[7.927s] -- Installing: /home/michael/Documents/GitHub/ENPM661/Project3/Phase2/Phase2/Gazebo/project3_ws/install/turtlebot3_project3/share/turtlebot3_project3//models/turtlebot3_world
[7.927s] -- Installing: /home/michael/Documents/GitHub/ENPM661/Project3/Phase2/Phase2/Gazebo/project3_ws/install/turtlebot3_project3/share/turtlebot3_project3//models/turtlebot3_world/meshes
[7.927s] -- Installing: /home/michael/Documents/GitHub/ENPM661/Project3/Phase2/Phase2/Gazebo/project3_ws/install/turtlebot3_project3/share/turtlebot3_project3//models/turtlebot3_world/meshes/wall.dae
[7.927s] -- Installing: /home/michael/Documents/GitHub/ENPM661/Project3/Phase2/Phase2/Gazebo/project3_ws/install/turtlebot3_project3/share/turtlebot3_project3//models/turtlebot3_world/meshes/hexagon.dae
[7.927s] -- Installing: /home/michael/Documents/GitHub/ENPM661/Project3/Phase2/Phase2/Gazebo/project3_ws/install/turtlebot3_project3/share/turtlebot3_project3//models/turtlebot3_world/model.sdf
[7.928s] -- Installing: /home/michael/Documents/GitHub/ENPM661/Project3/Phase2/Phase2/Gazebo/project3_ws/install/turtlebot3_project3/share/turtlebot3_project3//models/turtlebot3_world/model-1_4.sdf
[7.928s] -- Installing: /home/michael/Documents/GitHub/ENPM661/Project3/Phase2/Phase2/Gazebo/project3_ws/install/turtlebot3_project3/share/turtlebot3_project3//models/turtlebot3_world/model.config
[7.928s] -- Installing: /home/michael/Documents/GitHub/ENPM661/Project3/Phase2/Phase2/Gazebo/project3_ws/install/turtlebot3_project3/share/turtlebot3_project3//models/turtlebot3_common
[7.928s] -- Installing: /home/michael/Documents/GitHub/ENPM661/Project3/Phase2/Phase2/Gazebo/project3_ws/install/turtlebot3_project3/share/turtlebot3_project3//models/turtlebot3_common/meshes
[7.928s] -- Installing: /home/michael/Documents/GitHub/ENPM661/Project3/Phase2/Phase2/Gazebo/project3_ws/install/turtlebot3_project3/share/turtlebot3_project3//models/turtlebot3_common/meshes/lds.dae
[7.928s] -- Installing: /home/michael/Documents/GitHub/ENPM661/Project3/Phase2/Phase2/Gazebo/project3_ws/install/turtlebot3_project3/share/turtlebot3_project3//models/turtlebot3_common/meshes/waffle_pi_base.dae
[7.928s] -- Installing: /home/michael/Documents/GitHub/ENPM661/Project3/Phase2/Phase2/Gazebo/project3_ws/install/turtlebot3_project3/share/turtlebot3_project3//models/turtlebot3_common/meshes/tire.dae
[7.929s] -- Installing: /home/michael/Documents/GitHub/ENPM661/Project3/Phase2/Phase2/Gazebo/project3_ws/install/turtlebot3_project3/share/turtlebot3_project3//models/turtlebot3_common/meshes/r200.dae
[7.929s] -- Installing: /home/michael/Documents/GitHub/ENPM661/Project3/Phase2/Phase2/Gazebo/project3_ws/install/turtlebot3_project3/share/turtlebot3_project3//models/turtlebot3_common/meshes/burger_base.dae
[7.929s] -- Installing: /home/michael/Documents/GitHub/ENPM661/Project3/Phase2/Phase2/Gazebo/project3_ws/install/turtlebot3_project3/share/turtlebot3_project3//models/turtlebot3_common/meshes/waffle_base.dae
[7.929s] -- Installing: /home/michael/Documents/GitHub/ENPM661/Project3/Phase2/Phase2/Gazebo/project3_ws/install/turtlebot3_project3/share/turtlebot3_project3//models/turtlebot3_common/model.config
[7.929s] -- Installing: /home/michael/Documents/GitHub/ENPM661/Project3/Phase2/Phase2/Gazebo/project3_ws/install/turtlebot3_project3/share/turtlebot3_project3//models/project3
[7.929s] -- Installing: /home/michael/Documents/GitHub/ENPM661/Project3/Phase2/Phase2/Gazebo/project3_ws/install/turtlebot3_project3/share/turtlebot3_project3//models/project3/meshes
[7.929s] -- Installing: /home/michael/Documents/GitHub/ENPM661/Project3/Phase2/Phase2/Gazebo/project3_ws/install/turtlebot3_project3/share/turtlebot3_project3//models/project3/meshes/project3.STL
[7.929s] -- Installing: /home/michael/Documents/GitHub/ENPM661/Project3/Phase2/Phase2/Gazebo/project3_ws/install/turtlebot3_project3/share/turtlebot3_project3//models/project3/meshes/project3-world.STL
[7.929s] -- Installing: /home/michael/Documents/GitHub/ENPM661/Project3/Phase2/Phase2/Gazebo/project3_ws/install/turtlebot3_project3/share/turtlebot3_project3//models/project3/meshes/map-project3-phase2.STL
[7.929s] -- Installing: /home/michael/Documents/GitHub/ENPM661/Project3/Phase2/Phase2/Gazebo/project3_ws/install/turtlebot3_project3/share/turtlebot3_project3//models/project3/model.sdf
[7.929s] -- Installing: /home/michael/Documents/GitHub/ENPM661/Project3/Phase2/Phase2/Gazebo/project3_ws/install/turtlebot3_project3/share/turtlebot3_project3//models/project3/model.config
[7.930s] -- Installing: /home/michael/Documents/GitHub/ENPM661/Project3/Phase2/Phase2/Gazebo/project3_ws/install/turtlebot3_project3/share/turtlebot3_project3//models/turtlebot3_waffle
[7.930s] -- Installing: /home/michael/Documents/GitHub/ENPM661/Project3/Phase2/Phase2/Gazebo/project3_ws/install/turtlebot3_project3/share/turtlebot3_project3//models/turtlebot3_waffle/model.sdf
[7.930s] -- Installing: /home/michael/Documents/GitHub/ENPM661/Project3/Phase2/Phase2/Gazebo/project3_ws/install/turtlebot3_project3/share/turtlebot3_project3//models/turtlebot3_waffle/model-1_4.sdf
[7.930s] -- Installing: /home/michael/Documents/GitHub/ENPM661/Project3/Phase2/Phase2/Gazebo/project3_ws/install/turtlebot3_project3/share/turtlebot3_project3//models/turtlebot3_waffle/model.config
[7.930s] -- Installing: /home/michael/Documents/GitHub/ENPM661/Project3/Phase2/Phase2/Gazebo/project3_ws/install/turtlebot3_project3/share/turtlebot3_project3//rviz
[7.930s] -- Installing: /home/michael/Documents/GitHub/ENPM661/Project3/Phase2/Phase2/Gazebo/project3_ws/install/turtlebot3_project3/share/turtlebot3_project3//rviz/tb3_gazebo.rviz
[7.930s] -- Installing: /home/michael/Documents/GitHub/ENPM661/Project3/Phase2/Phase2/Gazebo/project3_ws/install/turtlebot3_project3/share/turtlebot3_project3//urdf
[7.930s] -- Installing: /home/michael/Documents/GitHub/ENPM661/Project3/Phase2/Phase2/Gazebo/project3_ws/install/turtlebot3_project3/share/turtlebot3_project3//urdf/common_properties.urdf
[7.930s] -- Installing: /home/michael/Documents/GitHub/ENPM661/Project3/Phase2/Phase2/Gazebo/project3_ws/install/turtlebot3_project3/share/turtlebot3_project3//urdf/turtlebot3_waffle.urdf
[7.930s] -- Installing: /home/michael/Documents/GitHub/ENPM661/Project3/Phase2/Phase2/Gazebo/project3_ws/install/turtlebot3_project3/share/turtlebot3_project3//worlds
[7.930s] -- Installing: /home/michael/Documents/GitHub/ENPM661/Project3/Phase2/Phase2/Gazebo/project3_ws/install/turtlebot3_project3/share/turtlebot3_project3//worlds/empty_world.world
[7.930s] -- Installing: /home/michael/Documents/GitHub/ENPM661/Project3/Phase2/Phase2/Gazebo/project3_ws/install/turtlebot3_project3/share/turtlebot3_project3//worlds/competition_world.world
[7.930s] -- Installing: /home/michael/Documents/GitHub/ENPM661/Project3/Phase2/Phase2/Gazebo/project3_ws/install/turtlebot3_project3/include/
[7.930s] -- Installing: /home/michael/Documents/GitHub/ENPM661/Project3/Phase2/Phase2/Gazebo/project3_ws/install/turtlebot3_project3/include//turtlebot3_project3
[7.930s] -- Installing: /home/michael/Documents/GitHub/ENPM661/Project3/Phase2/Phase2/Gazebo/project3_ws/install/turtlebot3_project3/include//turtlebot3_project3/turtlebot3_drive.hpp
[7.930s] -- Installing: /home/michael/Documents/GitHub/ENPM661/Project3/Phase2/Phase2/Gazebo/project3_ws/install/turtlebot3_project3/lib/turtlebot3_project3/teleop.py
[7.931s] -- Installing: /home/michael/Documents/GitHub/ENPM661/Project3/Phase2/Phase2/Gazebo/project3_ws/install/turtlebot3_project3/share/ament_index/resource_index/package_run_dependencies/turtlebot3_project3
[7.931s] -- Installing: /home/michael/Documents/GitHub/ENPM661/Project3/Phase2/Phase2/Gazebo/project3_ws/install/turtlebot3_project3/share/ament_index/resource_index/parent_prefix_path/turtlebot3_project3
[7.931s] -- Installing: /home/michael/Documents/GitHub/ENPM661/Project3/Phase2/Phase2/Gazebo/project3_ws/install/turtlebot3_project3/share/turtlebot3_project3/environment/ament_prefix_path.sh
[7.931s] -- Installing: /home/michael/Documents/GitHub/ENPM661/Project3/Phase2/Phase2/Gazebo/project3_ws/install/turtlebot3_project3/share/turtlebot3_project3/environment/ament_prefix_path.dsv
[7.931s] -- Installing: /home/michael/Documents/GitHub/ENPM661/Project3/Phase2/Phase2/Gazebo/project3_ws/install/turtlebot3_project3/share/turtlebot3_project3/environment/path.sh
[7.931s] -- Installing: /home/michael/Documents/GitHub/ENPM661/Project3/Phase2/Phase2/Gazebo/project3_ws/install/turtlebot3_project3/share/turtlebot3_project3/environment/path.dsv
[7.931s] -- Installing: /home/michael/Documents/GitHub/ENPM661/Project3/Phase2/Phase2/Gazebo/project3_ws/install/turtlebot3_project3/share/turtlebot3_project3/local_setup.bash
[7.931s] -- Installing: /home/michael/Documents/GitHub/ENPM661/Project3/Phase2/Phase2/Gazebo/project3_ws/install/turtlebot3_project3/share/turtlebot3_project3/local_setup.sh
[7.931s] -- Installing: /home/michael/Documents/GitHub/ENPM661/Project3/Phase2/Phase2/Gazebo/project3_ws/install/turtlebot3_project3/share/turtlebot3_project3/local_setup.zsh
[7.931s] -- Installing: /home/michael/Documents/GitHub/ENPM661/Project3/Phase2/Phase2/Gazebo/project3_ws/install/turtlebot3_project3/share/turtlebot3_project3/local_setup.dsv
[7.931s] -- Installing: /home/michael/Documents/GitHub/ENPM661/Project3/Phase2/Phase2/Gazebo/project3_ws/install/turtlebot3_project3/share/turtlebot3_project3/package.dsv
[7.931s] -- Installing: /home/michael/Documents/GitHub/ENPM661/Project3/Phase2/Phase2/Gazebo/project3_ws/install/turtlebot3_project3/share/ament_index/resource_index/packages/turtlebot3_project3
[7.931s] -- Installing: /home/michael/Documents/GitHub/ENPM661/Project3/Phase2/Phase2/Gazebo/project3_ws/install/turtlebot3_project3/share/turtlebot3_project3/cmake/ament_cmake_export_include_directories-extras.cmake
[7.931s] -- Installing: /home/michael/Documents/GitHub/ENPM661/Project3/Phase2/Phase2/Gazebo/project3_ws/install/turtlebot3_project3/share/turtlebot3_project3/cmake/ament_cmake_export_dependencies-extras.cmake
[7.931s] -- Installing: /home/michael/Documents/GitHub/ENPM661/Project3/Phase2/Phase2/Gazebo/project3_ws/install/turtlebot3_project3/share/turtlebot3_project3/cmake/turtlebot3_project3Config.cmake
[7.931s] -- Installing: /home/michael/Documents/GitHub/ENPM661/Project3/Phase2/Phase2/Gazebo/project3_ws/install/turtlebot3_project3/share/turtlebot3_project3/cmake/turtlebot3_project3Config-version.cmake
[7.931s] -- Installing: /home/michael/Documents/GitHub/ENPM661/Project3/Phase2/Phase2/Gazebo/project3_ws/install/turtlebot3_project3/share/turtlebot3_project3/package.xml
[7.932s] Invoked command in '/home/michael/Documents/GitHub/ENPM661/Project3/Phase2/Phase2/Gazebo/project3_ws/build/turtlebot3_project3' returned '0': CMAKE_PREFIX_PATH=${CMAKE_PREFIX_PATH}:/opt/ros/humble /usr/bin/cmake --install /home/michael/Documents/GitHub/ENPM661/Project3/Phase2/Phase2/Gazebo/project3_ws/build/turtlebot3_project3
