[0.052s] DEBUG:colcon:Command line arguments: ['/usr/bin/colcon', 'build', '--packages-select', 'turtlebot3_project3']
[0.052s] DEBUG:colcon:Parsed command line arguments: Namespace(log_base=None, log_level=None, verb_name='build', build_base='build', install_base='install', merge_install=False, symlink_install=False, test_result_base=None, continue_on_error=False, executor='parallel', parallel_workers=2, event_handlers=None, ignore_user_meta=False, metas=['./colcon.meta'], base_paths=['.'], packages_ignore=None, packages_ignore_regex=None, paths=None, packages_up_to=None, packages_up_to_regex=None, packages_above=None, packages_above_and_dependencies=None, packages_above_depth=None, packages_select_by_dep=None, packages_skip_by_dep=None, packages_skip_up_to=None, packages_select_build_failed=False, packages_skip_build_finished=False, packages_select_test_failures=False, packages_skip_test_passed=False, packages_select=['turtlebot3_project3'], packages_skip=None, packages_select_regex=None, packages_skip_regex=None, packages_start=None, packages_end=None, allow_overriding=[], cmake_args=None, cmake_target=None, cmake_target_skip_unavailable=False, cmake_clean_cache=False, cmake_clean_first=False, cmake_force_configure=False, ament_cmake_args=None, catkin_cmake_args=None, catkin_skip_building_tests=False, mixin_files=None, mixin=None, verb_parser=<colcon_mixin.mixin.mixin_argument.MixinArgumentDecorator object at 0x747df4c68f10>, verb_extension=<colcon_core.verb.build.BuildVerb object at 0x747df4d61f60>, main=<bound method BuildVerb.main of <colcon_core.verb.build.BuildVerb object at 0x747df4d61f60>>, mixin_verb=('build',))
[0.121s] Level 1:colcon.colcon_core.package_discovery:discover_packages(colcon_meta) check parameters
[0.121s] Level 1:colcon.colcon_core.package_discovery:discover_packages(recursive) check parameters
[0.121s] Level 1:colcon.colcon_core.package_discovery:discover_packages(ignore) check parameters
[0.121s] Level 1:colcon.colcon_core.package_discovery:discover_packages(path) check parameters
[0.121s] Level 1:colcon.colcon_core.package_discovery:discover_packages(colcon_meta) discover
[0.121s] Level 1:colcon.colcon_core.package_discovery:discover_packages(recursive) discover
[0.121s] INFO:colcon.colcon_core.package_discovery:Crawling recursively for packages in '/home/michael/Documents/GitHub/ENPM661/Project3/Phase2/Phase2/Gazebo/project3_ws'
[0.121s] Level 1:colcon.colcon_core.package_identification:_identify(.) by extensions ['ignore', 'ignore_ament_install']
[0.121s] Level 1:colcon.colcon_core.package_identification:_identify(.) by extension 'ignore'
[0.121s] Level 1:colcon.colcon_core.package_identification:_identify(.) by extension 'ignore_ament_install'
[0.121s] Level 1:colcon.colcon_core.package_identification:_identify(.) by extensions ['colcon_pkg']
[0.121s] Level 1:colcon.colcon_core.package_identification:_identify(.) by extension 'colcon_pkg'
[0.121s] Level 1:colcon.colcon_core.package_identification:_identify(.) by extensions ['colcon_meta']
[0.121s] Level 1:colcon.colcon_core.package_identification:_identify(.) by extension 'colcon_meta'
[0.121s] Level 1:colcon.colcon_core.package_identification:_identify(.) by extensions ['ros']
[0.121s] Level 1:colcon.colcon_core.package_identification:_identify(.) by extension 'ros'
[0.126s] Level 1:colcon.colcon_core.package_identification:_identify(.) by extensions ['cmake', 'python']
[0.126s] Level 1:colcon.colcon_core.package_identification:_identify(.) by extension 'cmake'
[0.126s] Level 1:colcon.colcon_core.package_identification:_identify(.) by extension 'python'
[0.126s] Level 1:colcon.colcon_core.package_identification:_identify(.) by extensions ['python_setup_py']
[0.126s] Level 1:colcon.colcon_core.package_identification:_identify(.) by extension 'python_setup_py'
[0.126s] Level 1:colcon.colcon_core.package_identification:_identify(build) by extensions ['ignore', 'ignore_ament_install']
[0.127s] Level 1:colcon.colcon_core.package_identification:_identify(build) by extension 'ignore'
[0.127s] Level 1:colcon.colcon_core.package_identification:_identify(build) ignored
[0.127s] Level 1:colcon.colcon_core.package_identification:_identify(install) by extensions ['ignore', 'ignore_ament_install']
[0.127s] Level 1:colcon.colcon_core.package_identification:_identify(install) by extension 'ignore'
[0.127s] Level 1:colcon.colcon_core.package_identification:_identify(install) ignored
[0.127s] Level 1:colcon.colcon_core.package_identification:_identify(log) by extensions ['ignore', 'ignore_ament_install']
[0.127s] Level 1:colcon.colcon_core.package_identification:_identify(log) by extension 'ignore'
[0.127s] Level 1:colcon.colcon_core.package_identification:_identify(log) ignored
[0.127s] Level 1:colcon.colcon_core.package_identification:_identify(src) by extensions ['ignore', 'ignore_ament_install']
[0.127s] Level 1:colcon.colcon_core.package_identification:_identify(src) by extension 'ignore'
[0.127s] Level 1:colcon.colcon_core.package_identification:_identify(src) by extension 'ignore_ament_install'
[0.127s] Level 1:colcon.colcon_core.package_identification:_identify(src) by extensions ['colcon_pkg']
[0.127s] Level 1:colcon.colcon_core.package_identification:_identify(src) by extension 'colcon_pkg'
[0.127s] Level 1:colcon.colcon_core.package_identification:_identify(src) by extensions ['colcon_meta']
[0.127s] Level 1:colcon.colcon_core.package_identification:_identify(src) by extension 'colcon_meta'
[0.127s] Level 1:colcon.colcon_core.package_identification:_identify(src) by extensions ['ros']
[0.127s] Level 1:colcon.colcon_core.package_identification:_identify(src) by extension 'ros'
[0.127s] Level 1:colcon.colcon_core.package_identification:_identify(src) by extensions ['cmake', 'python']
[0.127s] Level 1:colcon.colcon_core.package_identification:_identify(src) by extension 'cmake'
[0.127s] Level 1:colcon.colcon_core.package_identification:_identify(src) by extension 'python'
[0.127s] Level 1:colcon.colcon_core.package_identification:_identify(src) by extensions ['python_setup_py']
[0.127s] Level 1:colcon.colcon_core.package_identification:_identify(src) by extension 'python_setup_py'
[0.127s] Level 1:colcon.colcon_core.package_identification:_identify(src/turtlebot3_proj3_661) by extensions ['ignore', 'ignore_ament_install']
[0.127s] Level 1:colcon.colcon_core.package_identification:_identify(src/turtlebot3_proj3_661) by extension 'ignore'
[0.127s] Level 1:colcon.colcon_core.package_identification:_identify(src/turtlebot3_proj3_661) by extension 'ignore_ament_install'
[0.127s] Level 1:colcon.colcon_core.package_identification:_identify(src/turtlebot3_proj3_661) by extensions ['colcon_pkg']
[0.127s] Level 1:colcon.colcon_core.package_identification:_identify(src/turtlebot3_proj3_661) by extension 'colcon_pkg'
[0.127s] Level 1:colcon.colcon_core.package_identification:_identify(src/turtlebot3_proj3_661) by extensions ['colcon_meta']
[0.127s] Level 1:colcon.colcon_core.package_identification:_identify(src/turtlebot3_proj3_661) by extension 'colcon_meta'
[0.127s] Level 1:colcon.colcon_core.package_identification:_identify(src/turtlebot3_proj3_661) by extensions ['ros']
[0.127s] Level 1:colcon.colcon_core.package_identification:_identify(src/turtlebot3_proj3_661) by extension 'ros'
[0.129s] DEBUG:colcon.colcon_core.package_identification:Package 'src/turtlebot3_proj3_661' with type 'ros.ament_cmake' and name 'turtlebot3_project3'
[0.129s] Level 1:colcon.colcon_core.package_discovery:discover_packages(recursive) using defaults
[0.129s] Level 1:colcon.colcon_core.package_discovery:discover_packages(ignore) discover
[0.129s] Level 1:colcon.colcon_core.package_discovery:discover_packages(ignore) using defaults
[0.129s] Level 1:colcon.colcon_core.package_discovery:discover_packages(path) discover
[0.129s] Level 1:colcon.colcon_core.package_discovery:discover_packages(path) using defaults
[0.144s] Level 1:colcon.colcon_core.package_discovery:discover_packages(prefix_path) check parameters
[0.144s] Level 1:colcon.colcon_core.package_discovery:discover_packages(prefix_path) discover
[0.144s] WARNING:colcon.colcon_ros.prefix_path.ament:The path '/home/michael/Documents/GitHub/ENPM661/Project3/Phase2/Phase2/Gazebo/project3_ws/install/turtlebot3_project3' in the environment variable AMENT_PREFIX_PATH doesn't exist
[0.144s] WARNING:colcon.colcon_ros.prefix_path.catkin:The path '/home/michael/Documents/GitHub/ENPM661/Project3/Phase2/Phase2/Gazebo/project3_ws/install/turtlebot3_project3' in the environment variable CMAKE_PREFIX_PATH doesn't exist
[0.144s] DEBUG:colcon.colcon_installed_package_information.package_discovery:Found 0 installed packages in /home/michael/Documents/GitHub/ENPM661/Project3/Phase2/Phase2/Gazebo/project3_ws/install
[0.145s] DEBUG:colcon.colcon_installed_package_information.package_discovery:Found 280 installed packages in /opt/ros/humble
[0.145s] Level 1:colcon.colcon_core.package_discovery:discover_packages(prefix_path) using defaults
[0.161s] Level 5:colcon.colcon_core.verb:set package 'turtlebot3_project3' build argument 'cmake_args' from command line to 'None'
[0.161s] Level 5:colcon.colcon_core.verb:set package 'turtlebot3_project3' build argument 'cmake_target' from command line to 'None'
[0.161s] Level 5:colcon.colcon_core.verb:set package 'turtlebot3_project3' build argument 'cmake_target_skip_unavailable' from command line to 'False'
[0.161s] Level 5:colcon.colcon_core.verb:set package 'turtlebot3_project3' build argument 'cmake_clean_cache' from command line to 'False'
[0.161s] Level 5:colcon.colcon_core.verb:set package 'turtlebot3_project3' build argument 'cmake_clean_first' from command line to 'False'
[0.161s] Level 5:colcon.colcon_core.verb:set package 'turtlebot3_project3' build argument 'cmake_force_configure' from command line to 'False'
[0.161s] Level 5:colcon.colcon_core.verb:set package 'turtlebot3_project3' build argument 'ament_cmake_args' from command line to 'None'
[0.161s] Level 5:colcon.colcon_core.verb:set package 'turtlebot3_project3' build argument 'catkin_cmake_args' from command line to 'None'
[0.161s] Level 5:colcon.colcon_core.verb:set package 'turtlebot3_project3' build argument 'catkin_skip_building_tests' from command line to 'False'
[0.161s] DEBUG:colcon.colcon_core.verb:Building package 'turtlebot3_project3' with the following arguments: {'ament_cmake_args': None, 'build_base': '/home/michael/Documents/GitHub/ENPM661/Project3/Phase2/Phase2/Gazebo/project3_ws/build/turtlebot3_project3', 'catkin_cmake_args': None, 'catkin_skip_building_tests': False, 'cmake_args': None, 'cmake_clean_cache': False, 'cmake_clean_first': False, 'cmake_force_configure': False, 'cmake_target': None, 'cmake_target_skip_unavailable': False, 'install_base': '/home/michael/Documents/GitHub/ENPM661/Project3/Phase2/Phase2/Gazebo/project3_ws/install/turtlebot3_project3', 'merge_install': False, 'path': '/home/michael/Documents/GitHub/ENPM661/Project3/Phase2/Phase2/Gazebo/project3_ws/src/turtlebot3_proj3_661', 'symlink_install': False, 'test_result_base': None}
[0.162s] INFO:colcon.colcon_core.executor:Executing jobs using 'parallel' executor
[0.163s] DEBUG:colcon.colcon_parallel_executor.executor.parallel:run_until_complete
[0.163s] INFO:colcon.colcon_ros.task.ament_cmake.build:Building ROS package in '/home/michael/Documents/GitHub/ENPM661/Project3/Phase2/Phase2/Gazebo/project3_ws/src/turtlebot3_proj3_661' with build type 'ament_cmake'
[0.163s] INFO:colcon.colcon_cmake.task.cmake.build:Building CMake package in '/home/michael/Documents/GitHub/ENPM661/Project3/Phase2/Phase2/Gazebo/project3_ws/src/turtlebot3_proj3_661'
[0.164s] INFO:colcon.colcon_core.plugin_system:Skipping extension 'colcon_core.shell.bat': Not used on non-Windows systems
[0.164s] INFO:colcon.colcon_core.shell:Skip shell extension 'powershell' for command environment: Not usable outside of PowerShell
[0.164s] DEBUG:colcon.colcon_core.shell:Skip shell extension 'dsv' for command environment
[0.169s] DEBUG:colcon.colcon_core.event_handler.log_command:Invoking command in '/home/michael/Documents/GitHub/ENPM661/Project3/Phase2/Phase2/Gazebo/project3_ws/build/turtlebot3_project3': CMAKE_PREFIX_PATH=${CMAKE_PREFIX_PATH}:/opt/ros/humble /usr/bin/cmake /home/michael/Documents/GitHub/ENPM661/Project3/Phase2/Phase2/Gazebo/project3_ws/src/turtlebot3_proj3_661 -DCMAKE_INSTALL_PREFIX=/home/michael/Documents/GitHub/ENPM661/Project3/Phase2/Phase2/Gazebo/project3_ws/install/turtlebot3_project3
[1.925s] DEBUG:colcon.colcon_core.event_handler.log_command:Invoked command in '/home/michael/Documents/GitHub/ENPM661/Project3/Phase2/Phase2/Gazebo/project3_ws/build/turtlebot3_project3' returned '0': CMAKE_PREFIX_PATH=${CMAKE_PREFIX_PATH}:/opt/ros/humble /usr/bin/cmake /home/michael/Documents/GitHub/ENPM661/Project3/Phase2/Phase2/Gazebo/project3_ws/src/turtlebot3_proj3_661 -DCMAKE_INSTALL_PREFIX=/home/michael/Documents/GitHub/ENPM661/Project3/Phase2/Phase2/Gazebo/project3_ws/install/turtlebot3_project3
[1.928s] DEBUG:colcon.colcon_core.event_handler.log_command:Invoking command in '/home/michael/Documents/GitHub/ENPM661/Project3/Phase2/Phase2/Gazebo/project3_ws/build/turtlebot3_project3': CMAKE_PREFIX_PATH=${CMAKE_PREFIX_PATH}:/opt/ros/humble /usr/bin/cmake --build /home/michael/Documents/GitHub/ENPM661/Project3/Phase2/Phase2/Gazebo/project3_ws/build/turtlebot3_project3 -- -j2 -l2
[8.076s] DEBUG:colcon.colcon_core.event_handler.log_command:Invoked command in '/home/michael/Documents/GitHub/ENPM661/Project3/Phase2/Phase2/Gazebo/project3_ws/build/turtlebot3_project3' returned '0': CMAKE_PREFIX_PATH=${CMAKE_PREFIX_PATH}:/opt/ros/humble /usr/bin/cmake --build /home/michael/Documents/GitHub/ENPM661/Project3/Phase2/Phase2/Gazebo/project3_ws/build/turtlebot3_project3 -- -j2 -l2
[8.082s] DEBUG:colcon.colcon_core.event_handler.log_command:Invoking command in '/home/michael/Documents/GitHub/ENPM661/Project3/Phase2/Phase2/Gazebo/project3_ws/build/turtlebot3_project3': CMAKE_PREFIX_PATH=${CMAKE_PREFIX_PATH}:/opt/ros/humble /usr/bin/cmake --install /home/michael/Documents/GitHub/ENPM661/Project3/Phase2/Phase2/Gazebo/project3_ws/build/turtlebot3_project3
[8.095s] Level 1:colcon.colcon_core.environment:create_environment_scripts_only(turtlebot3_project3)
[8.096s] DEBUG:colcon.colcon_core.event_handler.log_command:Invoked command in '/home/michael/Documents/GitHub/ENPM661/Project3/Phase2/Phase2/Gazebo/project3_ws/build/turtlebot3_project3' returned '0': CMAKE_PREFIX_PATH=${CMAKE_PREFIX_PATH}:/opt/ros/humble /usr/bin/cmake --install /home/michael/Documents/GitHub/ENPM661/Project3/Phase2/Phase2/Gazebo/project3_ws/build/turtlebot3_project3
[8.097s] Level 1:colcon.colcon_core.environment:checking '/home/michael/Documents/GitHub/ENPM661/Project3/Phase2/Phase2/Gazebo/project3_ws/install/turtlebot3_project3' for CMake module files
[8.097s] Level 1:colcon.colcon_core.environment:checking '/home/michael/Documents/GitHub/ENPM661/Project3/Phase2/Phase2/Gazebo/project3_ws/install/turtlebot3_project3' for CMake config files
[8.097s] Level 1:colcon.colcon_core.shell:create_environment_hook('turtlebot3_project3', 'cmake_prefix_path')
[8.097s] INFO:colcon.colcon_core.shell:Creating environment hook '/home/michael/Documents/GitHub/ENPM661/Project3/Phase2/Phase2/Gazebo/project3_ws/install/turtlebot3_project3/share/turtlebot3_project3/hook/cmake_prefix_path.ps1'
[8.098s] INFO:colcon.colcon_core.shell:Creating environment descriptor '/home/michael/Documents/GitHub/ENPM661/Project3/Phase2/Phase2/Gazebo/project3_ws/install/turtlebot3_project3/share/turtlebot3_project3/hook/cmake_prefix_path.dsv'
[8.098s] INFO:colcon.colcon_core.shell:Creating environment hook '/home/michael/Documents/GitHub/ENPM661/Project3/Phase2/Phase2/Gazebo/project3_ws/install/turtlebot3_project3/share/turtlebot3_project3/hook/cmake_prefix_path.sh'
[8.098s] Level 1:colcon.colcon_core.environment:checking '/home/michael/Documents/GitHub/ENPM661/Project3/Phase2/Phase2/Gazebo/project3_ws/install/turtlebot3_project3/lib'
[8.098s] Level 1:colcon.colcon_core.environment:checking '/home/michael/Documents/GitHub/ENPM661/Project3/Phase2/Phase2/Gazebo/project3_ws/install/turtlebot3_project3/bin'
[8.098s] Level 1:colcon.colcon_core.environment:checking '/home/michael/Documents/GitHub/ENPM661/Project3/Phase2/Phase2/Gazebo/project3_ws/install/turtlebot3_project3/lib/pkgconfig/turtlebot3_project3.pc'
[8.098s] Level 1:colcon.colcon_core.environment:checking '/home/michael/Documents/GitHub/ENPM661/Project3/Phase2/Phase2/Gazebo/project3_ws/install/turtlebot3_project3/lib/python3.10/site-packages'
[8.099s] Level 1:colcon.colcon_core.environment:checking '/home/michael/Documents/GitHub/ENPM661/Project3/Phase2/Phase2/Gazebo/project3_ws/install/turtlebot3_project3/bin'
[8.099s] INFO:colcon.colcon_core.shell:Creating package script '/home/michael/Documents/GitHub/ENPM661/Project3/Phase2/Phase2/Gazebo/project3_ws/install/turtlebot3_project3/share/turtlebot3_project3/package.ps1'
[8.099s] INFO:colcon.colcon_core.shell:Creating package descriptor '/home/michael/Documents/GitHub/ENPM661/Project3/Phase2/Phase2/Gazebo/project3_ws/install/turtlebot3_project3/share/turtlebot3_project3/package.dsv'
[8.100s] INFO:colcon.colcon_core.shell:Creating package script '/home/michael/Documents/GitHub/ENPM661/Project3/Phase2/Phase2/Gazebo/project3_ws/install/turtlebot3_project3/share/turtlebot3_project3/package.sh'
[8.101s] INFO:colcon.colcon_core.shell:Creating package script '/home/michael/Documents/GitHub/ENPM661/Project3/Phase2/Phase2/Gazebo/project3_ws/install/turtlebot3_project3/share/turtlebot3_project3/package.bash'
[8.101s] INFO:colcon.colcon_core.shell:Creating package script '/home/michael/Documents/GitHub/ENPM661/Project3/Phase2/Phase2/Gazebo/project3_ws/install/turtlebot3_project3/share/turtlebot3_project3/package.zsh'
[8.101s] Level 1:colcon.colcon_core.environment:create_file_with_runtime_dependencies(/home/michael/Documents/GitHub/ENPM661/Project3/Phase2/Phase2/Gazebo/project3_ws/install/turtlebot3_project3/share/colcon-core/packages/turtlebot3_project3)
[8.102s] Level 1:colcon.colcon_core.environment:create_environment_scripts_only(turtlebot3_project3)
[8.102s] Level 1:colcon.colcon_core.environment:checking '/home/michael/Documents/GitHub/ENPM661/Project3/Phase2/Phase2/Gazebo/project3_ws/install/turtlebot3_project3' for CMake module files
[8.102s] Level 1:colcon.colcon_core.environment:checking '/home/michael/Documents/GitHub/ENPM661/Project3/Phase2/Phase2/Gazebo/project3_ws/install/turtlebot3_project3' for CMake config files
[8.102s] Level 1:colcon.colcon_core.shell:create_environment_hook('turtlebot3_project3', 'cmake_prefix_path')
[8.102s] INFO:colcon.colcon_core.shell:Creating environment hook '/home/michael/Documents/GitHub/ENPM661/Project3/Phase2/Phase2/Gazebo/project3_ws/install/turtlebot3_project3/share/turtlebot3_project3/hook/cmake_prefix_path.ps1'
[8.103s] INFO:colcon.colcon_core.shell:Creating environment descriptor '/home/michael/Documents/GitHub/ENPM661/Project3/Phase2/Phase2/Gazebo/project3_ws/install/turtlebot3_project3/share/turtlebot3_project3/hook/cmake_prefix_path.dsv'
[8.103s] INFO:colcon.colcon_core.shell:Creating environment hook '/home/michael/Documents/GitHub/ENPM661/Project3/Phase2/Phase2/Gazebo/project3_ws/install/turtlebot3_project3/share/turtlebot3_project3/hook/cmake_prefix_path.sh'
[8.104s] Level 1:colcon.colcon_core.environment:checking '/home/michael/Documents/GitHub/ENPM661/Project3/Phase2/Phase2/Gazebo/project3_ws/install/turtlebot3_project3/lib'
[8.104s] Level 1:colcon.colcon_core.environment:checking '/home/michael/Documents/GitHub/ENPM661/Project3/Phase2/Phase2/Gazebo/project3_ws/install/turtlebot3_project3/bin'
[8.104s] Level 1:colcon.colcon_core.environment:checking '/home/michael/Documents/GitHub/ENPM661/Project3/Phase2/Phase2/Gazebo/project3_ws/install/turtlebot3_project3/lib/pkgconfig/turtlebot3_project3.pc'
[8.104s] Level 1:colcon.colcon_core.environment:checking '/home/michael/Documents/GitHub/ENPM661/Project3/Phase2/Phase2/Gazebo/project3_ws/install/turtlebot3_project3/lib/python3.10/site-packages'
[8.104s] Level 1:colcon.colcon_core.environment:checking '/home/michael/Documents/GitHub/ENPM661/Project3/Phase2/Phase2/Gazebo/project3_ws/install/turtlebot3_project3/bin'
[8.104s] INFO:colcon.colcon_core.shell:Creating package script '/home/michael/Documents/GitHub/ENPM661/Project3/Phase2/Phase2/Gazebo/project3_ws/install/turtlebot3_project3/share/turtlebot3_project3/package.ps1'
[8.105s] INFO:colcon.colcon_core.shell:Creating package descriptor '/home/michael/Documents/GitHub/ENPM661/Project3/Phase2/Phase2/Gazebo/project3_ws/install/turtlebot3_project3/share/turtlebot3_project3/package.dsv'
[8.105s] INFO:colcon.colcon_core.shell:Creating package script '/home/michael/Documents/GitHub/ENPM661/Project3/Phase2/Phase2/Gazebo/project3_ws/install/turtlebot3_project3/share/turtlebot3_project3/package.sh'
[8.106s] INFO:colcon.colcon_core.shell:Creating package script '/home/michael/Documents/GitHub/ENPM661/Project3/Phase2/Phase2/Gazebo/project3_ws/install/turtlebot3_project3/share/turtlebot3_project3/package.bash'
[8.106s] INFO:colcon.colcon_core.shell:Creating package script '/home/michael/Documents/GitHub/ENPM661/Project3/Phase2/Phase2/Gazebo/project3_ws/install/turtlebot3_project3/share/turtlebot3_project3/package.zsh'
[8.106s] Level 1:colcon.colcon_core.environment:create_file_with_runtime_dependencies(/home/michael/Documents/GitHub/ENPM661/Project3/Phase2/Phase2/Gazebo/project3_ws/install/turtlebot3_project3/share/colcon-core/packages/turtlebot3_project3)
[8.107s] DEBUG:colcon.colcon_parallel_executor.executor.parallel:closing loop
[8.107s] DEBUG:colcon.colcon_parallel_executor.executor.parallel:loop closed
[8.107s] DEBUG:colcon.colcon_parallel_executor.executor.parallel:run_until_complete finished with '0'
[8.107s] DEBUG:colcon.colcon_core.event_reactor:joining thread
[8.110s] INFO:colcon.colcon_core.plugin_system:Skipping extension 'colcon_notification.desktop_notification.terminal_notifier': Not used on non-Darwin systems
[8.110s] INFO:colcon.colcon_core.plugin_system:Skipping extension 'colcon_notification.desktop_notification.win32': Not used on non-Windows systems
[8.110s] INFO:colcon.colcon_notification.desktop_notification:Sending desktop notification using 'notify2'
[8.119s] DEBUG:colcon.colcon_core.event_reactor:joined thread
[8.119s] INFO:colcon.colcon_core.shell:Creating prefix script '/home/michael/Documents/GitHub/ENPM661/Project3/Phase2/Phase2/Gazebo/project3_ws/install/local_setup.ps1'
[8.120s] INFO:colcon.colcon_core.shell:Creating prefix util module '/home/michael/Documents/GitHub/ENPM661/Project3/Phase2/Phase2/Gazebo/project3_ws/install/_local_setup_util_ps1.py'
[8.120s] INFO:colcon.colcon_core.shell:Creating prefix chain script '/home/michael/Documents/GitHub/ENPM661/Project3/Phase2/Phase2/Gazebo/project3_ws/install/setup.ps1'
[8.121s] INFO:colcon.colcon_core.shell:Creating prefix script '/home/michael/Documents/GitHub/ENPM661/Project3/Phase2/Phase2/Gazebo/project3_ws/install/local_setup.sh'
[8.121s] INFO:colcon.colcon_core.shell:Creating prefix util module '/home/michael/Documents/GitHub/ENPM661/Project3/Phase2/Phase2/Gazebo/project3_ws/install/_local_setup_util_sh.py'
[8.121s] INFO:colcon.colcon_core.shell:Creating prefix chain script '/home/michael/Documents/GitHub/ENPM661/Project3/Phase2/Phase2/Gazebo/project3_ws/install/setup.sh'
[8.122s] INFO:colcon.colcon_core.shell:Creating prefix script '/home/michael/Documents/GitHub/ENPM661/Project3/Phase2/Phase2/Gazebo/project3_ws/install/local_setup.bash'
[8.122s] INFO:colcon.colcon_core.shell:Creating prefix chain script '/home/michael/Documents/GitHub/ENPM661/Project3/Phase2/Phase2/Gazebo/project3_ws/install/setup.bash'
[8.122s] INFO:colcon.colcon_core.shell:Creating prefix script '/home/michael/Documents/GitHub/ENPM661/Project3/Phase2/Phase2/Gazebo/project3_ws/install/local_setup.zsh'
[8.122s] INFO:colcon.colcon_core.shell:Creating prefix chain script '/home/michael/Documents/GitHub/ENPM661/Project3/Phase2/Phase2/Gazebo/project3_ws/install/setup.zsh'
