[0.196s] DEBUG:colcon:Command line arguments: ['/usr/bin/colcon', 'build', '--packages-select', 'turtlebot3_project3']
[0.196s] DEBUG:colcon:Parsed command line arguments: Namespace(log_base=None, log_level=None, verb_name='build', build_base='build', install_base='install', merge_install=False, symlink_install=False, test_result_base=None, continue_on_error=False, executor='parallel', parallel_workers=2, event_handlers=None, ignore_user_meta=False, metas=['./colcon.meta'], base_paths=['.'], packages_ignore=None, packages_ignore_regex=None, paths=None, packages_up_to=None, packages_up_to_regex=None, packages_above=None, packages_above_and_dependencies=None, packages_above_depth=None, packages_select_by_dep=None, packages_skip_by_dep=None, packages_skip_up_to=None, packages_select_build_failed=False, packages_skip_build_finished=False, packages_select_test_failures=False, packages_skip_test_passed=False, packages_select=['turtlebot3_project3'], packages_skip=None, packages_select_regex=None, packages_skip_regex=None, packages_start=None, packages_end=None, allow_overriding=[], cmake_args=None, cmake_target=None, cmake_target_skip_unavailable=False, cmake_clean_cache=False, cmake_clean_first=False, cmake_force_configure=False, ament_cmake_args=None, catkin_cmake_args=None, catkin_skip_building_tests=False, mixin_files=None, mixin=None, verb_parser=<colcon_mixin.mixin.mixin_argument.MixinArgumentDecorator object at 0x72ed50570f10>, verb_extension=<colcon_core.verb.build.BuildVerb object at 0x72ed50669f60>, main=<bound method BuildVerb.main of <colcon_core.verb.build.BuildVerb object at 0x72ed50669f60>>, mixin_verb=('build',))
[0.358s] Level 1:colcon.colcon_core.package_discovery:discover_packages(colcon_meta) check parameters
[0.359s] Level 1:colcon.colcon_core.package_discovery:discover_packages(recursive) check parameters
[0.359s] Level 1:colcon.colcon_core.package_discovery:discover_packages(ignore) check parameters
[0.359s] Level 1:colcon.colcon_core.package_discovery:discover_packages(path) check parameters
[0.359s] Level 1:colcon.colcon_core.package_discovery:discover_packages(colcon_meta) discover
[0.359s] Level 1:colcon.colcon_core.package_discovery:discover_packages(recursive) discover
[0.359s] INFO:colcon.colcon_core.package_discovery:Crawling recursively for packages in '/home/michael/Desktop/project3_ws'
[0.359s] Level 1:colcon.colcon_core.package_identification:_identify(.) by extensions ['ignore', 'ignore_ament_install']
[0.359s] Level 1:colcon.colcon_core.package_identification:_identify(.) by extension 'ignore'
[0.359s] Level 1:colcon.colcon_core.package_identification:_identify(.) by extension 'ignore_ament_install'
[0.359s] Level 1:colcon.colcon_core.package_identification:_identify(.) by extensions ['colcon_pkg']
[0.359s] Level 1:colcon.colcon_core.package_identification:_identify(.) by extension 'colcon_pkg'
[0.359s] Level 1:colcon.colcon_core.package_identification:_identify(.) by extensions ['colcon_meta']
[0.359s] Level 1:colcon.colcon_core.package_identification:_identify(.) by extension 'colcon_meta'
[0.359s] Level 1:colcon.colcon_core.package_identification:_identify(.) by extensions ['ros']
[0.359s] Level 1:colcon.colcon_core.package_identification:_identify(.) by extension 'ros'
[0.374s] Level 1:colcon.colcon_core.package_identification:_identify(.) by extensions ['cmake', 'python']
[0.374s] Level 1:colcon.colcon_core.package_identification:_identify(.) by extension 'cmake'
[0.374s] Level 1:colcon.colcon_core.package_identification:_identify(.) by extension 'python'
[0.374s] Level 1:colcon.colcon_core.package_identification:_identify(.) by extensions ['python_setup_py']
[0.374s] Level 1:colcon.colcon_core.package_identification:_identify(.) by extension 'python_setup_py'
[0.374s] Level 1:colcon.colcon_core.package_identification:_identify(build) by extensions ['ignore', 'ignore_ament_install']
[0.374s] Level 1:colcon.colcon_core.package_identification:_identify(build) by extension 'ignore'
[0.374s] Level 1:colcon.colcon_core.package_identification:_identify(build) ignored
[0.374s] Level 1:colcon.colcon_core.package_identification:_identify(install) by extensions ['ignore', 'ignore_ament_install']
[0.374s] Level 1:colcon.colcon_core.package_identification:_identify(install) by extension 'ignore'
[0.374s] Level 1:colcon.colcon_core.package_identification:_identify(install) ignored
[0.375s] Level 1:colcon.colcon_core.package_identification:_identify(log) by extensions ['ignore', 'ignore_ament_install']
[0.375s] Level 1:colcon.colcon_core.package_identification:_identify(log) by extension 'ignore'
[0.375s] Level 1:colcon.colcon_core.package_identification:_identify(log) ignored
[0.375s] Level 1:colcon.colcon_core.package_identification:_identify(src) by extensions ['ignore', 'ignore_ament_install']
[0.375s] Level 1:colcon.colcon_core.package_identification:_identify(src) by extension 'ignore'
[0.375s] Level 1:colcon.colcon_core.package_identification:_identify(src) by extension 'ignore_ament_install'
[0.375s] Level 1:colcon.colcon_core.package_identification:_identify(src) by extensions ['colcon_pkg']
[0.375s] Level 1:colcon.colcon_core.package_identification:_identify(src) by extension 'colcon_pkg'
[0.375s] Level 1:colcon.colcon_core.package_identification:_identify(src) by extensions ['colcon_meta']
[0.375s] Level 1:colcon.colcon_core.package_identification:_identify(src) by extension 'colcon_meta'
[0.375s] Level 1:colcon.colcon_core.package_identification:_identify(src) by extensions ['ros']
[0.375s] Level 1:colcon.colcon_core.package_identification:_identify(src) by extension 'ros'
[0.375s] Level 1:colcon.colcon_core.package_identification:_identify(src) by extensions ['cmake', 'python']
[0.375s] Level 1:colcon.colcon_core.package_identification:_identify(src) by extension 'cmake'
[0.375s] Level 1:colcon.colcon_core.package_identification:_identify(src) by extension 'python'
[0.375s] Level 1:colcon.colcon_core.package_identification:_identify(src) by extensions ['python_setup_py']
[0.375s] Level 1:colcon.colcon_core.package_identification:_identify(src) by extension 'python_setup_py'
[0.375s] Level 1:colcon.colcon_core.package_identification:_identify(src/turtlebot3_proj3_661) by extensions ['ignore', 'ignore_ament_install']
[0.375s] Level 1:colcon.colcon_core.package_identification:_identify(src/turtlebot3_proj3_661) by extension 'ignore'
[0.375s] Level 1:colcon.colcon_core.package_identification:_identify(src/turtlebot3_proj3_661) by extension 'ignore_ament_install'
[0.375s] Level 1:colcon.colcon_core.package_identification:_identify(src/turtlebot3_proj3_661) by extensions ['colcon_pkg']
[0.375s] Level 1:colcon.colcon_core.package_identification:_identify(src/turtlebot3_proj3_661) by extension 'colcon_pkg'
[0.375s] Level 1:colcon.colcon_core.package_identification:_identify(src/turtlebot3_proj3_661) by extensions ['colcon_meta']
[0.375s] Level 1:colcon.colcon_core.package_identification:_identify(src/turtlebot3_proj3_661) by extension 'colcon_meta'
[0.375s] Level 1:colcon.colcon_core.package_identification:_identify(src/turtlebot3_proj3_661) by extensions ['ros']
[0.375s] Level 1:colcon.colcon_core.package_identification:_identify(src/turtlebot3_proj3_661) by extension 'ros'
[0.378s] DEBUG:colcon.colcon_core.package_identification:Package 'src/turtlebot3_proj3_661' with type 'ros.ament_cmake' and name 'turtlebot3_project3'
[0.378s] Level 1:colcon.colcon_core.package_discovery:discover_packages(recursive) using defaults
[0.378s] Level 1:colcon.colcon_core.package_discovery:discover_packages(ignore) discover
[0.378s] Level 1:colcon.colcon_core.package_discovery:discover_packages(ignore) using defaults
[0.378s] Level 1:colcon.colcon_core.package_discovery:discover_packages(path) discover
[0.378s] Level 1:colcon.colcon_core.package_discovery:discover_packages(path) using defaults
[0.410s] Level 1:colcon.colcon_core.package_discovery:discover_packages(prefix_path) check parameters
[0.410s] Level 1:colcon.colcon_core.package_discovery:discover_packages(prefix_path) discover
[0.413s] DEBUG:colcon.colcon_installed_package_information.package_discovery:Found 280 installed packages in /opt/ros/humble
[0.414s] Level 1:colcon.colcon_core.package_discovery:discover_packages(prefix_path) using defaults
[0.438s] Level 5:colcon.colcon_core.verb:set package 'turtlebot3_project3' build argument 'cmake_args' from command line to 'None'
[0.438s] Level 5:colcon.colcon_core.verb:set package 'turtlebot3_project3' build argument 'cmake_target' from command line to 'None'
[0.438s] Level 5:colcon.colcon_core.verb:set package 'turtlebot3_project3' build argument 'cmake_target_skip_unavailable' from command line to 'False'
[0.438s] Level 5:colcon.colcon_core.verb:set package 'turtlebot3_project3' build argument 'cmake_clean_cache' from command line to 'False'
[0.438s] Level 5:colcon.colcon_core.verb:set package 'turtlebot3_project3' build argument 'cmake_clean_first' from command line to 'False'
[0.438s] Level 5:colcon.colcon_core.verb:set package 'turtlebot3_project3' build argument 'cmake_force_configure' from command line to 'False'
[0.438s] Level 5:colcon.colcon_core.verb:set package 'turtlebot3_project3' build argument 'ament_cmake_args' from command line to 'None'
[0.439s] Level 5:colcon.colcon_core.verb:set package 'turtlebot3_project3' build argument 'catkin_cmake_args' from command line to 'None'
[0.439s] Level 5:colcon.colcon_core.verb:set package 'turtlebot3_project3' build argument 'catkin_skip_building_tests' from command line to 'False'
[0.439s] DEBUG:colcon.colcon_core.verb:Building package 'turtlebot3_project3' with the following arguments: {'ament_cmake_args': None, 'build_base': '/home/michael/Desktop/project3_ws/build/turtlebot3_project3', 'catkin_cmake_args': None, 'catkin_skip_building_tests': False, 'cmake_args': None, 'cmake_clean_cache': False, 'cmake_clean_first': False, 'cmake_force_configure': False, 'cmake_target': None, 'cmake_target_skip_unavailable': False, 'install_base': '/home/michael/Desktop/project3_ws/install/turtlebot3_project3', 'merge_install': False, 'path': '/home/michael/Desktop/project3_ws/src/turtlebot3_proj3_661', 'symlink_install': False, 'test_result_base': None}
[0.439s] INFO:colcon.colcon_core.executor:Executing jobs using 'parallel' executor
[0.440s] DEBUG:colcon.colcon_parallel_executor.executor.parallel:run_until_complete
[0.440s] INFO:colcon.colcon_ros.task.ament_cmake.build:Building ROS package in '/home/michael/Desktop/project3_ws/src/turtlebot3_proj3_661' with build type 'ament_cmake'
[0.440s] INFO:colcon.colcon_cmake.task.cmake.build:Building CMake package in '/home/michael/Desktop/project3_ws/src/turtlebot3_proj3_661'
[0.444s] INFO:colcon.colcon_core.plugin_system:Skipping extension 'colcon_core.shell.bat': Not used on non-Windows systems
[0.444s] INFO:colcon.colcon_core.shell:Skip shell extension 'powershell' for command environment: Not usable outside of PowerShell
[0.444s] DEBUG:colcon.colcon_core.shell:Skip shell extension 'dsv' for command environment
[0.450s] DEBUG:colcon.colcon_core.event_handler.log_command:Invoking command in '/home/michael/Desktop/project3_ws/build/turtlebot3_project3': CMAKE_PREFIX_PATH=/opt/ros/humble /usr/bin/cmake /home/michael/Desktop/project3_ws/src/turtlebot3_proj3_661 -DCMAKE_INSTALL_PREFIX=/home/michael/Desktop/project3_ws/install/turtlebot3_project3
[2.317s] DEBUG:colcon.colcon_core.event_handler.log_command:Invoked command in '/home/michael/Desktop/project3_ws/build/turtlebot3_project3' returned '0': CMAKE_PREFIX_PATH=/opt/ros/humble /usr/bin/cmake /home/michael/Desktop/project3_ws/src/turtlebot3_proj3_661 -DCMAKE_INSTALL_PREFIX=/home/michael/Desktop/project3_ws/install/turtlebot3_project3
[2.318s] DEBUG:colcon.colcon_core.event_handler.log_command:Invoking command in '/home/michael/Desktop/project3_ws/build/turtlebot3_project3': CMAKE_PREFIX_PATH=/opt/ros/humble /usr/bin/cmake --build /home/michael/Desktop/project3_ws/build/turtlebot3_project3 -- -j2 -l2
[11.353s] DEBUG:colcon.colcon_core.event_handler.log_command:Invoked command in '/home/michael/Desktop/project3_ws/build/turtlebot3_project3' returned '0': CMAKE_PREFIX_PATH=/opt/ros/humble /usr/bin/cmake --build /home/michael/Desktop/project3_ws/build/turtlebot3_project3 -- -j2 -l2
[11.359s] DEBUG:colcon.colcon_core.event_handler.log_command:Invoking command in '/home/michael/Desktop/project3_ws/build/turtlebot3_project3': CMAKE_PREFIX_PATH=/opt/ros/humble /usr/bin/cmake --install /home/michael/Desktop/project3_ws/build/turtlebot3_project3
[11.380s] Level 1:colcon.colcon_core.environment:create_environment_scripts_only(turtlebot3_project3)
[11.381s] DEBUG:colcon.colcon_core.event_handler.log_command:Invoked command in '/home/michael/Desktop/project3_ws/build/turtlebot3_project3' returned '0': CMAKE_PREFIX_PATH=/opt/ros/humble /usr/bin/cmake --install /home/michael/Desktop/project3_ws/build/turtlebot3_project3
[11.385s] Level 1:colcon.colcon_core.environment:checking '/home/michael/Desktop/project3_ws/install/turtlebot3_project3' for CMake module files
[11.385s] Level 1:colcon.colcon_core.environment:checking '/home/michael/Desktop/project3_ws/install/turtlebot3_project3' for CMake config files
[11.386s] Level 1:colcon.colcon_core.shell:create_environment_hook('turtlebot3_project3', 'cmake_prefix_path')
[11.386s] INFO:colcon.colcon_core.shell:Creating environment hook '/home/michael/Desktop/project3_ws/install/turtlebot3_project3/share/turtlebot3_project3/hook/cmake_prefix_path.ps1'
[11.386s] INFO:colcon.colcon_core.shell:Creating environment descriptor '/home/michael/Desktop/project3_ws/install/turtlebot3_project3/share/turtlebot3_project3/hook/cmake_prefix_path.dsv'
[11.387s] INFO:colcon.colcon_core.shell:Creating environment hook '/home/michael/Desktop/project3_ws/install/turtlebot3_project3/share/turtlebot3_project3/hook/cmake_prefix_path.sh'
[11.387s] Level 1:colcon.colcon_core.environment:checking '/home/michael/Desktop/project3_ws/install/turtlebot3_project3/lib'
[11.387s] Level 1:colcon.colcon_core.environment:checking '/home/michael/Desktop/project3_ws/install/turtlebot3_project3/bin'
[11.387s] Level 1:colcon.colcon_core.environment:checking '/home/michael/Desktop/project3_ws/install/turtlebot3_project3/lib/pkgconfig/turtlebot3_project3.pc'
[11.387s] Level 1:colcon.colcon_core.environment:checking '/home/michael/Desktop/project3_ws/install/turtlebot3_project3/lib/python3.10/site-packages'
[11.388s] Level 1:colcon.colcon_core.environment:checking '/home/michael/Desktop/project3_ws/install/turtlebot3_project3/bin'
[11.388s] INFO:colcon.colcon_core.shell:Creating package script '/home/michael/Desktop/project3_ws/install/turtlebot3_project3/share/turtlebot3_project3/package.ps1'
[11.388s] INFO:colcon.colcon_core.shell:Creating package descriptor '/home/michael/Desktop/project3_ws/install/turtlebot3_project3/share/turtlebot3_project3/package.dsv'
[11.389s] INFO:colcon.colcon_core.shell:Creating package script '/home/michael/Desktop/project3_ws/install/turtlebot3_project3/share/turtlebot3_project3/package.sh'
[11.389s] INFO:colcon.colcon_core.shell:Creating package script '/home/michael/Desktop/project3_ws/install/turtlebot3_project3/share/turtlebot3_project3/package.bash'
[11.390s] INFO:colcon.colcon_core.shell:Creating package script '/home/michael/Desktop/project3_ws/install/turtlebot3_project3/share/turtlebot3_project3/package.zsh'
[11.391s] Level 1:colcon.colcon_core.environment:create_file_with_runtime_dependencies(/home/michael/Desktop/project3_ws/install/turtlebot3_project3/share/colcon-core/packages/turtlebot3_project3)
[11.391s] Level 1:colcon.colcon_core.environment:create_environment_scripts_only(turtlebot3_project3)
[11.391s] Level 1:colcon.colcon_core.environment:checking '/home/michael/Desktop/project3_ws/install/turtlebot3_project3' for CMake module files
[11.391s] Level 1:colcon.colcon_core.environment:checking '/home/michael/Desktop/project3_ws/install/turtlebot3_project3' for CMake config files
[11.391s] Level 1:colcon.colcon_core.shell:create_environment_hook('turtlebot3_project3', 'cmake_prefix_path')
[11.391s] INFO:colcon.colcon_core.shell:Creating environment hook '/home/michael/Desktop/project3_ws/install/turtlebot3_project3/share/turtlebot3_project3/hook/cmake_prefix_path.ps1'
[11.392s] INFO:colcon.colcon_core.shell:Creating environment descriptor '/home/michael/Desktop/project3_ws/install/turtlebot3_project3/share/turtlebot3_project3/hook/cmake_prefix_path.dsv'
[11.392s] INFO:colcon.colcon_core.shell:Creating environment hook '/home/michael/Desktop/project3_ws/install/turtlebot3_project3/share/turtlebot3_project3/hook/cmake_prefix_path.sh'
[11.392s] Level 1:colcon.colcon_core.environment:checking '/home/michael/Desktop/project3_ws/install/turtlebot3_project3/lib'
[11.392s] Level 1:colcon.colcon_core.environment:checking '/home/michael/Desktop/project3_ws/install/turtlebot3_project3/bin'
[11.392s] Level 1:colcon.colcon_core.environment:checking '/home/michael/Desktop/project3_ws/install/turtlebot3_project3/lib/pkgconfig/turtlebot3_project3.pc'
[11.393s] Level 1:colcon.colcon_core.environment:checking '/home/michael/Desktop/project3_ws/install/turtlebot3_project3/lib/python3.10/site-packages'
[11.393s] Level 1:colcon.colcon_core.environment:checking '/home/michael/Desktop/project3_ws/install/turtlebot3_project3/bin'
[11.393s] INFO:colcon.colcon_core.shell:Creating package script '/home/michael/Desktop/project3_ws/install/turtlebot3_project3/share/turtlebot3_project3/package.ps1'
[11.393s] INFO:colcon.colcon_core.shell:Creating package descriptor '/home/michael/Desktop/project3_ws/install/turtlebot3_project3/share/turtlebot3_project3/package.dsv'
[11.393s] INFO:colcon.colcon_core.shell:Creating package script '/home/michael/Desktop/project3_ws/install/turtlebot3_project3/share/turtlebot3_project3/package.sh'
[11.394s] INFO:colcon.colcon_core.shell:Creating package script '/home/michael/Desktop/project3_ws/install/turtlebot3_project3/share/turtlebot3_project3/package.bash'
[11.394s] INFO:colcon.colcon_core.shell:Creating package script '/home/michael/Desktop/project3_ws/install/turtlebot3_project3/share/turtlebot3_project3/package.zsh'
[11.394s] Level 1:colcon.colcon_core.environment:create_file_with_runtime_dependencies(/home/michael/Desktop/project3_ws/install/turtlebot3_project3/share/colcon-core/packages/turtlebot3_project3)
[11.395s] DEBUG:colcon.colcon_parallel_executor.executor.parallel:closing loop
[11.395s] DEBUG:colcon.colcon_parallel_executor.executor.parallel:loop closed
[11.395s] DEBUG:colcon.colcon_parallel_executor.executor.parallel:run_until_complete finished with '0'
[11.395s] DEBUG:colcon.colcon_core.event_reactor:joining thread
[11.399s] INFO:colcon.colcon_core.plugin_system:Skipping extension 'colcon_notification.desktop_notification.terminal_notifier': Not used on non-Darwin systems
[11.399s] INFO:colcon.colcon_core.plugin_system:Skipping extension 'colcon_notification.desktop_notification.win32': Not used on non-Windows systems
[11.399s] INFO:colcon.colcon_notification.desktop_notification:Sending desktop notification using 'notify2'
[11.418s] DEBUG:colcon.colcon_core.event_reactor:joined thread
[11.418s] INFO:colcon.colcon_core.shell:Creating prefix script '/home/michael/Desktop/project3_ws/install/local_setup.ps1'
[11.419s] INFO:colcon.colcon_core.shell:Creating prefix util module '/home/michael/Desktop/project3_ws/install/_local_setup_util_ps1.py'
[11.421s] INFO:colcon.colcon_core.shell:Creating prefix chain script '/home/michael/Desktop/project3_ws/install/setup.ps1'
[11.422s] INFO:colcon.colcon_core.shell:Creating prefix script '/home/michael/Desktop/project3_ws/install/local_setup.sh'
[11.422s] INFO:colcon.colcon_core.shell:Creating prefix util module '/home/michael/Desktop/project3_ws/install/_local_setup_util_sh.py'
[11.423s] INFO:colcon.colcon_core.shell:Creating prefix chain script '/home/michael/Desktop/project3_ws/install/setup.sh'
[11.423s] INFO:colcon.colcon_core.shell:Creating prefix script '/home/michael/Desktop/project3_ws/install/local_setup.bash'
[11.424s] INFO:colcon.colcon_core.shell:Creating prefix chain script '/home/michael/Desktop/project3_ws/install/setup.bash'
[11.424s] INFO:colcon.colcon_core.shell:Creating prefix script '/home/michael/Desktop/project3_ws/install/local_setup.zsh'
[11.425s] INFO:colcon.colcon_core.shell:Creating prefix chain script '/home/michael/Desktop/project3_ws/install/setup.zsh'
